Command line:
   SRAM_isim_beh.exe
     -simmode  gui
     -simrunnum  0
     -socket  57702

Tue Apr 18 23:06:44 2017


 Elaboration Time: 0.578125 sec

 Current Memory Usage: 1037.75 Meg

 Total Signals          : 12
 Total Nets             : 8327
 Total Signal Drivers   : 5
 Total Blocks           : 6
 Total Primitive Blocks : 6
 Total Processes        : 3
 Total Traceable Variables  : 13
 Total Scalar Nets and Variables : 9226
Total Line Count : 21

 Total Simulation Time: 0.59375 sec

 Current Memory Usage: 1038.8 Meg

Tue Apr 18 23:06:46 2017

